[ 2016-08-01T21:01:32+08:00 ] 127.0.0.1 /index.php/Home/WeddingStore/index.html
INFO: [ app_init ] --START--
INFO: Run Behavior\BuildLiteBehavior [ RunTime:0.000000s ]
INFO: [ app_init ] --END-- [ RunTime:0.000000s ]
INFO: [ app_begin ] --START--
INFO: Run Behavior\ReadHtmlCacheBehavior [ RunTime:0.001000s ]
INFO: [ app_begin ] --END-- [ RunTime:0.001000s ]
NOTIC: [8] MemcachePool::get(): Server 127.0.0.1 (tcp 11211, udp 0) failed with: Read failed (socket was unexpectedly closed) (0) E:\wedding\ThinkPHP\Library\Think\Cache\Driver\Memcache.class.php 第 55 行.
SQL: SHOW COLUMNS FROM `wed_product` [ RunTime:0.0080s ]
SQL: SELECT * FROM `wed_product` WHERE ( type=1 ) ORDER BY addtime desc LIMIT 6   [ RunTime:0.0010s ]
SQL: SELECT * FROM `wed_product` WHERE ( type=2 ) LIMIT 8   [ RunTime:0.0010s ]
INFO: [ view_parse ] --START--
INFO: [ template_filter ] --START--
INFO: Run Behavior\ContentReplaceBehavior [ RunTime:0.000000s ]
INFO: [ template_filter ] --END-- [ RunTime:0.001000s ]
INFO: Run Behavior\ParseTemplateBehavior [ RunTime:0.027002s ]
INFO: [ view_parse ] --END-- [ RunTime:0.027002s ]
INFO: [ view_filter ] --START--
INFO: Run Behavior\WriteHtmlCacheBehavior [ RunTime:0.001000s ]
INFO: [ view_filter ] --END-- [ RunTime:0.001000s ]
INFO: [ app_end ] --START--
INFO: Run Behavior\ShowPageTraceBehavior [ RunTime:0.001000s ]
INFO: [ app_end ] --END-- [ RunTime:0.001000s ]

