[ 2016-07-31T17:16:37+08:00 ] 192.168.28.21 /
INFO: [ app_init ] --START--
INFO: Run Behavior\BuildLiteBehavior [ RunTime:0.000040s ]
INFO: [ app_init ] --END-- [ RunTime:0.024960s ]
INFO: [ app_begin ] --START--
INFO: Run Behavior\ReadHtmlCacheBehavior [ RunTime:0.017813s ]
INFO: [ app_begin ] --END-- [ RunTime:0.017976s ]
SQL: SHOW COLUMNS FROM `wed_wedding` [ RunTime:0.0341s ]
SQL: SELECT wed_wedding . *,wed_photo_store . file_path FROM `wed_wedding` left join wed_photo_store on wed_photo_store . from_id = wed_wedding . id  WHERE ( wed_wedding . top = 1 ) LIMIT 1   [ RunTime:0.0695s ]
SQL: SHOW COLUMNS FROM `wed_photo_store` [ RunTime:0.0241s ]
SQL: SELECT wed_photo_store . *,wed_wedding . bride,wed_wedding . bridegroom,wed_wedding . info,wed_wedding . wedding_date,wed_address . address_name FROM `wed_photo_store` left join wed_wedding on wed_photo_store . from_id = wed_wedding . id left join wed_address on wed_address . id = wed_wedding .address  ORDER BY id desc LIMIT 0,16   [ RunTime:0.0179s ]
INFO: [ view_parse ] --START--
INFO: [ template_filter ] --START--
INFO: Run Behavior\ContentReplaceBehavior [ RunTime:0.000195s ]
INFO: [ template_filter ] --END-- [ RunTime:0.000325s ]
INFO: Run Behavior\ParseTemplateBehavior [ RunTime:0.121215s ]
INFO: [ view_parse ] --END-- [ RunTime:0.121392s ]
INFO: [ view_filter ] --START--
INFO: Run Behavior\WriteHtmlCacheBehavior [ RunTime:0.033523s ]
INFO: [ view_filter ] --END-- [ RunTime:0.033619s ]
INFO: [ app_end ] --START--
INFO: Run Behavior\ShowPageTraceBehavior [ RunTime:0.010936s ]
INFO: [ app_end ] --END-- [ RunTime:0.011040s ]

[ 2016-07-31T17:16:43+08:00 ] 192.168.28.21 /index.php/Home/Index/gallery.html
INFO: [ app_init ] --START--
INFO: Run Behavior\BuildLiteBehavior [ RunTime:0.000019s ]
INFO: [ app_init ] --END-- [ RunTime:0.000782s ]
INFO: [ app_begin ] --START--
INFO: Run Behavior\ReadHtmlCacheBehavior [ RunTime:0.001126s ]
INFO: [ app_begin ] --END-- [ RunTime:0.001206s ]
SQL: SHOW COLUMNS FROM `wed_photo_store` [ RunTime:0.0035s ]
SQL: SELECT COUNT(*) AS tp_count FROM `wed_photo_store` LIMIT 1   [ RunTime:0.0003s ]
SQL: SELECT wed_photo_store . file_path,wed_wedding . bride,wed_wedding . bridegroom,wed_wedding . info FROM `wed_photo_store` left join wed_wedding on wed_photo_store . from_id = wed_wedding . id  ORDER BY wed_photo_store . id desc LIMIT 0,12   [ RunTime:0.0006s ]
INFO: [ view_parse ] --START--
INFO: [ template_filter ] --START--
INFO: Run Behavior\ContentReplaceBehavior [ RunTime:0.000073s ]
INFO: [ template_filter ] --END-- [ RunTime:0.000131s ]
INFO: Run Behavior\ParseTemplateBehavior [ RunTime:0.024216s ]
INFO: [ view_parse ] --END-- [ RunTime:0.024288s ]
INFO: [ view_filter ] --START--
INFO: Run Behavior\WriteHtmlCacheBehavior [ RunTime:0.000569s ]
INFO: [ view_filter ] --END-- [ RunTime:0.000618s ]
INFO: [ app_end ] --START--
INFO: Run Behavior\ShowPageTraceBehavior [ RunTime:0.000994s ]
INFO: [ app_end ] --END-- [ RunTime:0.001063s ]

[ 2016-07-31T17:21:21+08:00 ] 192.168.28.21 /
INFO: [ app_init ] --START--
INFO: Run Behavior\BuildLiteBehavior [ RunTime:0.000016s ]
INFO: [ app_init ] --END-- [ RunTime:0.000697s ]
INFO: [ app_begin ] --START--
INFO: Run Behavior\ReadHtmlCacheBehavior [ RunTime:0.000916s ]
INFO: [ app_begin ] --END-- [ RunTime:0.000985s ]
SQL: SHOW COLUMNS FROM `wed_wedding` [ RunTime:0.0038s ]
SQL: SELECT wed_wedding . *,wed_photo_store . file_path FROM `wed_wedding` left join wed_photo_store on wed_photo_store . from_id = wed_wedding . id  WHERE ( wed_wedding . top = 1 ) LIMIT 1   [ RunTime:0.0005s ]
SQL: SHOW COLUMNS FROM `wed_photo_store` [ RunTime:0.0046s ]
SQL: SELECT wed_photo_store . *,wed_wedding . bride,wed_wedding . bridegroom,wed_wedding . info,wed_wedding . wedding_date,wed_address . address_name FROM `wed_photo_store` left join wed_wedding on wed_photo_store . from_id = wed_wedding . id left join wed_address on wed_address . id = wed_wedding .address  ORDER BY id desc LIMIT 0,16   [ RunTime:0.0008s ]
INFO: [ view_parse ] --START--
INFO: [ template_filter ] --START--
INFO: Run Behavior\ContentReplaceBehavior [ RunTime:0.000139s ]
INFO: [ template_filter ] --END-- [ RunTime:0.000219s ]
INFO: Run Behavior\ParseTemplateBehavior [ RunTime:0.011567s ]
INFO: [ view_parse ] --END-- [ RunTime:0.011638s ]
INFO: [ view_filter ] --START--
INFO: Run Behavior\WriteHtmlCacheBehavior [ RunTime:0.000577s ]
INFO: [ view_filter ] --END-- [ RunTime:0.000626s ]
INFO: [ app_end ] --START--
INFO: Run Behavior\ShowPageTraceBehavior [ RunTime:0.000817s ]
INFO: [ app_end ] --END-- [ RunTime:0.000872s ]

[ 2016-07-31T17:21:25+08:00 ] 192.168.28.21 /index.php/Home/Index/gallery.html
INFO: [ app_init ] --START--
INFO: Run Behavior\BuildLiteBehavior [ RunTime:0.000021s ]
INFO: [ app_init ] --END-- [ RunTime:0.000853s ]
INFO: [ app_begin ] --START--
INFO: Run Behavior\ReadHtmlCacheBehavior [ RunTime:0.001004s ]
INFO: [ app_begin ] --END-- [ RunTime:0.001088s ]
SQL: SHOW COLUMNS FROM `wed_photo_store` [ RunTime:0.0294s ]
SQL: SELECT COUNT(*) AS tp_count FROM `wed_photo_store` LIMIT 1   [ RunTime:0.0003s ]
SQL: SELECT wed_photo_store . file_path,wed_wedding . bride,wed_wedding . bridegroom,wed_wedding . info FROM `wed_photo_store` left join wed_wedding on wed_photo_store . from_id = wed_wedding . id  ORDER BY wed_photo_store . id desc LIMIT 0,12   [ RunTime:0.0010s ]
INFO: [ view_parse ] --START--
INFO: [ template_filter ] --START--
INFO: Run Behavior\ContentReplaceBehavior [ RunTime:0.000243s ]
INFO: [ template_filter ] --END-- [ RunTime:0.000451s ]
INFO: Run Behavior\ParseTemplateBehavior [ RunTime:0.025024s ]
INFO: [ view_parse ] --END-- [ RunTime:0.025208s ]
INFO: [ view_filter ] --START--
INFO: Run Behavior\WriteHtmlCacheBehavior [ RunTime:0.000979s ]
INFO: [ view_filter ] --END-- [ RunTime:0.001101s ]
INFO: [ app_end ] --START--
INFO: Run Behavior\ShowPageTraceBehavior [ RunTime:0.001706s ]
INFO: [ app_end ] --END-- [ RunTime:0.001852s ]

[ 2016-07-31T17:22:15+08:00 ] 192.168.28.21 /index.php/Home/WeddingStore/index.html
INFO: [ app_init ] --START--
INFO: Run Behavior\BuildLiteBehavior [ RunTime:0.000015s ]
INFO: [ app_init ] --END-- [ RunTime:0.000614s ]
INFO: [ app_begin ] --START--
INFO: Run Behavior\ReadHtmlCacheBehavior [ RunTime:0.000828s ]
INFO: [ app_begin ] --END-- [ RunTime:0.000888s ]
INFO: [ view_parse ] --START--
INFO: [ template_filter ] --START--
INFO: Run Behavior\ContentReplaceBehavior [ RunTime:0.000179s ]
INFO: [ template_filter ] --END-- [ RunTime:0.000242s ]
INFO: Run Behavior\ParseTemplateBehavior [ RunTime:0.062091s ]
INFO: [ view_parse ] --END-- [ RunTime:0.062197s ]
INFO: [ view_filter ] --START--
INFO: Run Behavior\WriteHtmlCacheBehavior [ RunTime:0.000480s ]
INFO: [ view_filter ] --END-- [ RunTime:0.000525s ]
INFO: [ app_end ] --START--
INFO: Run Behavior\ShowPageTraceBehavior [ RunTime:0.000740s ]
INFO: [ app_end ] --END-- [ RunTime:0.000794s ]

[ 2016-07-31T17:23:46+08:00 ] 192.168.28.21 /index.php/Home/Index/blog.html
INFO: [ app_init ] --START--
INFO: Run Behavior\BuildLiteBehavior [ RunTime:0.000022s ]
INFO: [ app_init ] --END-- [ RunTime:0.000668s ]
INFO: [ app_begin ] --START--
INFO: Run Behavior\ReadHtmlCacheBehavior [ RunTime:0.000776s ]
INFO: [ app_begin ] --END-- [ RunTime:0.000837s ]
SQL: SHOW COLUMNS FROM `wed_article` [ RunTime:0.0398s ]
SQL: SELECT COUNT(*) AS tp_count FROM `wed_article` LIMIT 1   [ RunTime:0.0003s ]
SQL: SELECT wed_article . *,wed_user . name,wed_wedding . bride,wed_wedding . bridegroom,wed_address . address_name FROM `wed_article` left join wed_user on wed_article . author = wed_user . id left join wed_wedding on wed_article . wedding = wed_wedding . id left join wed_address on  wed_address . id= wed_wedding . address  ORDER BY wed_article . id desc LIMIT 0,3   [ RunTime:0.0424s ]
SQL: SELECT wed_article . title,wed_article . id FROM `wed_article` LIMIT 0,8   [ RunTime:0.0004s ]
INFO: [ view_parse ] --START--
INFO: [ template_filter ] --START--
INFO: Run Behavior\ContentReplaceBehavior [ RunTime:0.000087s ]
INFO: [ template_filter ] --END-- [ RunTime:0.000147s ]
INFO: Run Behavior\ParseTemplateBehavior [ RunTime:0.046870s ]
INFO: [ view_parse ] --END-- [ RunTime:0.046944s ]
INFO: [ view_filter ] --START--
INFO: Run Behavior\WriteHtmlCacheBehavior [ RunTime:0.000552s ]
INFO: [ view_filter ] --END-- [ RunTime:0.000602s ]
INFO: [ app_end ] --START--
INFO: Run Behavior\ShowPageTraceBehavior [ RunTime:0.000782s ]
INFO: [ app_end ] --END-- [ RunTime:0.000837s ]

[ 2016-07-31T17:23:53+08:00 ] 192.168.28.21 /index.php/Home/Traveling/index.html
INFO: [ app_init ] --START--
INFO: Run Behavior\BuildLiteBehavior [ RunTime:0.000015s ]
INFO: [ app_init ] --END-- [ RunTime:0.000606s ]
INFO: [ app_begin ] --START--
INFO: Run Behavior\ReadHtmlCacheBehavior [ RunTime:0.000807s ]
INFO: [ app_begin ] --END-- [ RunTime:0.000868s ]
INFO: [ view_parse ] --START--
INFO: [ template_filter ] --START--
INFO: Run Behavior\ContentReplaceBehavior [ RunTime:0.000082s ]
INFO: [ template_filter ] --END-- [ RunTime:0.000143s ]
INFO: Run Behavior\ParseTemplateBehavior [ RunTime:0.029783s ]
INFO: [ view_parse ] --END-- [ RunTime:0.029855s ]
INFO: [ view_filter ] --START--
INFO: Run Behavior\WriteHtmlCacheBehavior [ RunTime:0.000525s ]
INFO: [ view_filter ] --END-- [ RunTime:0.000574s ]
INFO: [ app_end ] --START--
INFO: Run Behavior\ShowPageTraceBehavior [ RunTime:0.000834s ]
INFO: [ app_end ] --END-- [ RunTime:0.000883s ]

[ 2016-07-31T17:25:12+08:00 ] 192.168.28.21 /index.php/Home/Index/blog.html
INFO: [ app_init ] --START--
INFO: Run Behavior\BuildLiteBehavior [ RunTime:0.000017s ]
INFO: [ app_init ] --END-- [ RunTime:0.000924s ]
INFO: [ app_begin ] --START--
INFO: Run Behavior\ReadHtmlCacheBehavior [ RunTime:0.001083s ]
INFO: [ app_begin ] --END-- [ RunTime:0.001144s ]
SQL: SHOW COLUMNS FROM `wed_article` [ RunTime:0.0051s ]
SQL: SELECT COUNT(*) AS tp_count FROM `wed_article` LIMIT 1   [ RunTime:0.0004s ]
SQL: SELECT wed_article . *,wed_user . name,wed_wedding . bride,wed_wedding . bridegroom,wed_address . address_name FROM `wed_article` left join wed_user on wed_article . author = wed_user . id left join wed_wedding on wed_article . wedding = wed_wedding . id left join wed_address on  wed_address . id= wed_wedding . address  ORDER BY wed_article . id desc LIMIT 0,3   [ RunTime:0.0007s ]
SQL: SELECT wed_article . title,wed_article . id FROM `wed_article` LIMIT 0,8   [ RunTime:0.0003s ]
INFO: [ view_parse ] --START--
INFO: [ template_filter ] --START--
INFO: Run Behavior\ContentReplaceBehavior [ RunTime:0.000089s ]
INFO: [ template_filter ] --END-- [ RunTime:0.000151s ]
INFO: Run Behavior\ParseTemplateBehavior [ RunTime:0.075594s ]
INFO: [ view_parse ] --END-- [ RunTime:0.075665s ]
INFO: [ view_filter ] --START--
INFO: Run Behavior\WriteHtmlCacheBehavior [ RunTime:0.005084s ]
INFO: [ view_filter ] --END-- [ RunTime:0.005148s ]
INFO: [ app_end ] --START--
INFO: Run Behavior\ShowPageTraceBehavior [ RunTime:0.001129s ]
INFO: [ app_end ] --END-- [ RunTime:0.001185s ]

[ 2016-07-31T17:25:29+08:00 ] 192.168.28.21 /index.php/Home/Our/our.html
INFO: [ app_init ] --START--
INFO: Run Behavior\BuildLiteBehavior [ RunTime:0.000017s ]
INFO: [ app_init ] --END-- [ RunTime:0.000661s ]
INFO: [ app_begin ] --START--
INFO: Run Behavior\ReadHtmlCacheBehavior [ RunTime:0.000838s ]
INFO: [ app_begin ] --END-- [ RunTime:0.000914s ]
SQL: SHOW COLUMNS FROM `wed_company_address` [ RunTime:0.0260s ]
SQL: SELECT * FROM `wed_company_address` ORDER BY id desc LIMIT 1   [ RunTime:0.0238s ]
INFO: [ view_parse ] --START--
INFO: [ template_filter ] --START--
INFO: Run Behavior\ContentReplaceBehavior [ RunTime:0.000067s ]
INFO: [ template_filter ] --END-- [ RunTime:0.000129s ]
INFO: Run Behavior\ParseTemplateBehavior [ RunTime:0.031204s ]
INFO: [ view_parse ] --END-- [ RunTime:0.031290s ]
INFO: [ view_filter ] --START--
INFO: Run Behavior\WriteHtmlCacheBehavior [ RunTime:0.000510s ]
INFO: [ view_filter ] --END-- [ RunTime:0.000555s ]
INFO: [ app_end ] --START--
INFO: Run Behavior\ShowPageTraceBehavior [ RunTime:0.000729s ]
INFO: [ app_end ] --END-- [ RunTime:0.000780s ]

[ 2016-07-31T17:26:06+08:00 ] 192.168.28.21 /index.php/Home/Traveling/index.html
INFO: [ app_init ] --START--
INFO: Run Behavior\BuildLiteBehavior [ RunTime:0.000021s ]
INFO: [ app_init ] --END-- [ RunTime:0.000722s ]
INFO: [ app_begin ] --START--
INFO: Run Behavior\ReadHtmlCacheBehavior [ RunTime:0.000854s ]
INFO: [ app_begin ] --END-- [ RunTime:0.000935s ]
INFO: [ view_parse ] --START--
INFO: [ template_filter ] --START--
INFO: Run Behavior\ContentReplaceBehavior [ RunTime:0.000084s ]
INFO: [ template_filter ] --END-- [ RunTime:0.000148s ]
INFO: Run Behavior\ParseTemplateBehavior [ RunTime:0.052037s ]
INFO: [ view_parse ] --END-- [ RunTime:0.052110s ]
INFO: [ view_filter ] --START--
INFO: Run Behavior\WriteHtmlCacheBehavior [ RunTime:0.000492s ]
INFO: [ view_filter ] --END-- [ RunTime:0.000545s ]
INFO: [ app_end ] --START--
INFO: Run Behavior\ShowPageTraceBehavior [ RunTime:0.000805s ]
INFO: [ app_end ] --END-- [ RunTime:0.000870s ]

[ 2016-07-31T17:26:17+08:00 ] 192.168.28.21 /
INFO: [ app_init ] --START--
INFO: Run Behavior\BuildLiteBehavior [ RunTime:0.000015s ]
INFO: [ app_init ] --END-- [ RunTime:0.000611s ]
INFO: [ app_begin ] --START--
INFO: Run Behavior\ReadHtmlCacheBehavior [ RunTime:0.000700s ]
INFO: [ app_begin ] --END-- [ RunTime:0.000758s ]
SQL: SHOW COLUMNS FROM `wed_wedding` [ RunTime:0.0037s ]
SQL: SELECT wed_wedding . *,wed_photo_store . file_path FROM `wed_wedding` left join wed_photo_store on wed_photo_store . from_id = wed_wedding . id  WHERE ( wed_wedding . top = 1 ) LIMIT 1   [ RunTime:0.0005s ]
SQL: SHOW COLUMNS FROM `wed_photo_store` [ RunTime:0.0032s ]
SQL: SELECT wed_photo_store . *,wed_wedding . bride,wed_wedding . bridegroom,wed_wedding . info,wed_wedding . wedding_date,wed_address . address_name FROM `wed_photo_store` left join wed_wedding on wed_photo_store . from_id = wed_wedding . id left join wed_address on wed_address . id = wed_wedding .address  ORDER BY id desc LIMIT 0,16   [ RunTime:0.0006s ]
INFO: [ view_parse ] --START--
INFO: [ template_filter ] --START--
INFO: Run Behavior\ContentReplaceBehavior [ RunTime:0.000078s ]
INFO: [ template_filter ] --END-- [ RunTime:0.000134s ]
INFO: Run Behavior\ParseTemplateBehavior [ RunTime:0.034213s ]
INFO: [ view_parse ] --END-- [ RunTime:0.034283s ]
INFO: [ view_filter ] --START--
INFO: Run Behavior\WriteHtmlCacheBehavior [ RunTime:0.000464s ]
INFO: [ view_filter ] --END-- [ RunTime:0.000512s ]
INFO: [ app_end ] --START--
INFO: Run Behavior\ShowPageTraceBehavior [ RunTime:0.000714s ]
INFO: [ app_end ] --END-- [ RunTime:0.000770s ]

[ 2016-07-31T17:26:55+08:00 ] 192.168.28.21 /index.php/Home/Index/blog.html
INFO: [ app_init ] --START--
INFO: Run Behavior\BuildLiteBehavior [ RunTime:0.000016s ]
INFO: [ app_init ] --END-- [ RunTime:0.000644s ]
INFO: [ app_begin ] --START--
INFO: Run Behavior\ReadHtmlCacheBehavior [ RunTime:0.000746s ]
INFO: [ app_begin ] --END-- [ RunTime:0.000809s ]
SQL: SHOW COLUMNS FROM `wed_article` [ RunTime:0.0036s ]
SQL: SELECT COUNT(*) AS tp_count FROM `wed_article` LIMIT 1   [ RunTime:0.0003s ]
SQL: SELECT wed_article . *,wed_user . name,wed_wedding . bride,wed_wedding . bridegroom,wed_address . address_name FROM `wed_article` left join wed_user on wed_article . author = wed_user . id left join wed_wedding on wed_article . wedding = wed_wedding . id left join wed_address on  wed_address . id= wed_wedding . address  ORDER BY wed_article . id desc LIMIT 0,3   [ RunTime:0.0006s ]
SQL: SELECT wed_article . title,wed_article . id FROM `wed_article` LIMIT 0,8   [ RunTime:0.0003s ]
INFO: [ view_parse ] --START--
INFO: [ template_filter ] --START--
INFO: Run Behavior\ContentReplaceBehavior [ RunTime:0.000084s ]
INFO: [ template_filter ] --END-- [ RunTime:0.000135s ]
INFO: Run Behavior\ParseTemplateBehavior [ RunTime:0.008746s ]
INFO: [ view_parse ] --END-- [ RunTime:0.008817s ]
INFO: [ view_filter ] --START--
INFO: Run Behavior\WriteHtmlCacheBehavior [ RunTime:0.000473s ]
INFO: [ view_filter ] --END-- [ RunTime:0.000522s ]
INFO: [ app_end ] --START--
INFO: Run Behavior\ShowPageTraceBehavior [ RunTime:0.000714s ]
INFO: [ app_end ] --END-- [ RunTime:0.000771s ]

