[ 2016-07-20T10:44:46+08:00 ] 127.0.0.1 /index.php/Admin/Core/form_basic.html
ERR: 非法操作:form_basic

[ 2016-07-20T10:47:46+08:00 ] 127.0.0.1 /index.php/Admin/Core/form_basic.html
ERR: 非法操作:form_basic

[ 2016-07-20T10:50:25+08:00 ] 127.0.0.1 /index.php/Admin/Core/form_basic.html
ERR: 非法操作:form_basic

[ 2016-07-20T11:03:41+08:00 ] 127.0.0.1 /index.php/Admin/Core/css/plugins/jqgrid/ui.jqgridffe4.css?0820
ERR: 非法操作:css

[ 2016-07-20T11:03:42+08:00 ] 127.0.0.1 /index.php/Admin/Core/css/plugins/jqgrid/ui.jqgridffe4.css?0820
ERR: 非法操作:css

[ 2016-07-20T11:03:45+08:00 ] 127.0.0.1 /index.php/Admin/Core/404.html
ERR: 非法操作:404

[ 2016-07-20T11:04:39+08:00 ] 127.0.0.1 /index.php/Admin/Core/css/plugins/jqgrid/ui.jqgridffe4.css?0820
ERR: 非法操作:css

[ 2016-07-20T11:04:39+08:00 ] 127.0.0.1 /index.php/Admin/Core/css/plugins/jqgrid/ui.jqgridffe4.css?0820
ERR: 非法操作:css

[ 2016-07-20T11:04:42+08:00 ] 127.0.0.1 /index.php/Admin/Core/500.html
ERR: 非法操作:500

[ 2016-07-20T11:04:42+08:00 ] 127.0.0.1 /index.php/Admin/Wedding/css/plugins/jqgrid/ui.jqgridffe4.css?0820
ERR: 非法操作:css

[ 2016-07-20T11:04:42+08:00 ] 127.0.0.1 /index.php/Admin/Wedding/js/jquery.min.js?v=2.1.4
ERR: 非法操作:js

[ 2016-07-20T11:04:42+08:00 ] 127.0.0.1 /index.php/Admin/Wedding/js/plugins/jqgrid/jquery.jqGrid.minffe4.js?0820
ERR: 非法操作:js

[ 2016-07-20T11:04:42+08:00 ] 127.0.0.1 /index.php/Admin/Wedding/js/bootstrap.min.js?v=3.3.6
ERR: 非法操作:js

[ 2016-07-20T11:04:42+08:00 ] 127.0.0.1 /index.php/Admin/Wedding/js/content.min.js?v=1.0.0
ERR: 非法操作:js

[ 2016-07-20T11:04:42+08:00 ] 127.0.0.1 /index.php/Admin/Wedding/js/plugins/jqgrid/i18n/grid.locale-cnffe4.js?0820
ERR: 非法操作:js

[ 2016-07-20T11:04:42+08:00 ] 127.0.0.1 /index.php/Admin/Wedding/js/plugins/peity/jquery.peity.min.js
ERR: 非法操作:js

[ 2016-07-20T11:04:43+08:00 ] 127.0.0.1 /index.php/Admin/Wedding/js/plugins/jqgrid/i18n/grid.locale-cnffe4.js?0820
ERR: 非法操作:js

[ 2016-07-20T11:04:43+08:00 ] 127.0.0.1 /index.php/Admin/Wedding/js/plugins/jqgrid/jquery.jqGrid.minffe4.js?0820
ERR: 非法操作:js

[ 2016-07-20T11:04:43+08:00 ] 127.0.0.1 /index.php/Admin/Wedding/js/content.min.js?v=1.0.0
ERR: 非法操作:js

[ 2016-07-20T11:05:29+08:00 ] 127.0.0.1 /index.php/Admin/Wedding/css/bootstrap.min14ed.css?v=3.3.6
ERR: 非法操作:css

[ 2016-07-20T11:05:29+08:00 ] 127.0.0.1 /index.php/Admin/Wedding/css/plugins/jqgrid/ui.jqgridffe4.css?0820
ERR: 非法操作:css

[ 2016-07-20T11:05:30+08:00 ] 127.0.0.1 /index.php/Admin/Wedding/css/animate.min.css
ERR: 非法操作:css

[ 2016-07-20T11:05:30+08:00 ] 127.0.0.1 /index.php/Admin/Wedding/css/font-awesome.min93e3.css?v=4.4.0
ERR: 非法操作:css

[ 2016-07-20T11:05:30+08:00 ] 127.0.0.1 /index.php/Admin/Wedding/css/style.min862f.css?v=4.1.0
ERR: 非法操作:css

[ 2016-07-20T11:05:30+08:00 ] 127.0.0.1 /index.php/Admin/Wedding/js/jquery.min.js?v=2.1.4
ERR: 非法操作:js

[ 2016-07-20T11:05:30+08:00 ] 127.0.0.1 /index.php/Admin/Wedding/js/bootstrap.min.js?v=3.3.6
ERR: 非法操作:js

[ 2016-07-20T11:05:30+08:00 ] 127.0.0.1 /index.php/Admin/Wedding/js/plugins/peity/jquery.peity.min.js
ERR: 非法操作:js

[ 2016-07-20T11:05:30+08:00 ] 127.0.0.1 /index.php/Admin/Wedding/js/plugins/jqgrid/i18n/grid.locale-cnffe4.js?0820
ERR: 非法操作:js

[ 2016-07-20T11:05:30+08:00 ] 127.0.0.1 /index.php/Admin/Wedding/js/plugins/jqgrid/jquery.jqGrid.minffe4.js?0820
ERR: 非法操作:js

[ 2016-07-20T11:05:30+08:00 ] 127.0.0.1 /index.php/Admin/Wedding/js/content.min.js?v=1.0.0
ERR: 非法操作:js

[ 2016-07-20T11:06:49+08:00 ] 127.0.0.1 /index.php/Admin/Wedding/js/jquery.min.js?v=2.1.4
ERR: 非法操作:js

[ 2016-07-20T11:06:49+08:00 ] 127.0.0.1 /index.php/Admin/Wedding/js/plugins/jqgrid/i18n/grid.locale-cnffe4.js?0820
ERR: 非法操作:js

[ 2016-07-20T11:06:49+08:00 ] 127.0.0.1 /index.php/Admin/Wedding/js/bootstrap.min.js?v=3.3.6
ERR: 非法操作:js

[ 2016-07-20T11:06:49+08:00 ] 127.0.0.1 /index.php/Admin/Wedding/js/plugins/peity/jquery.peity.min.js
ERR: 非法操作:js

[ 2016-07-20T11:06:49+08:00 ] 127.0.0.1 /index.php/Admin/Wedding/js/plugins/jqgrid/jquery.jqGrid.minffe4.js?0820
ERR: 非法操作:js

[ 2016-07-20T11:06:49+08:00 ] 127.0.0.1 /index.php/Admin/Wedding/js/content.min.js?v=1.0.0
ERR: 非法操作:js

[ 2016-07-20T11:06:49+08:00 ] 127.0.0.1 /index.php/Admin/Wedding/js/plugins/jqgrid/i18n/grid.locale-cnffe4.js?0820
ERR: 非法操作:js

[ 2016-07-20T11:06:49+08:00 ] 127.0.0.1 /index.php/Admin/Wedding/js/plugins/jqgrid/jquery.jqGrid.minffe4.js?0820
ERR: 非法操作:js

[ 2016-07-20T11:06:49+08:00 ] 127.0.0.1 /index.php/Admin/Wedding/js/content.min.js?v=1.0.0
ERR: 非法操作:js

[ 2016-07-20T11:06:51+08:00 ] 127.0.0.1 /index.php/Admin/Wedding/js/jquery.min.js?v=2.1.4
ERR: 非法操作:js

[ 2016-07-20T11:06:51+08:00 ] 127.0.0.1 /index.php/Admin/Wedding/js/bootstrap.min.js?v=3.3.6
ERR: 非法操作:js

[ 2016-07-20T11:06:51+08:00 ] 127.0.0.1 /index.php/Admin/Wedding/js/plugins/peity/jquery.peity.min.js
ERR: 非法操作:js

[ 2016-07-20T11:06:51+08:00 ] 127.0.0.1 /index.php/Admin/Wedding/js/plugins/jqgrid/i18n/grid.locale-cnffe4.js?0820
ERR: 非法操作:js

[ 2016-07-20T11:06:51+08:00 ] 127.0.0.1 /index.php/Admin/Wedding/js/content.min.js?v=1.0.0
ERR: 非法操作:js

[ 2016-07-20T11:06:51+08:00 ] 127.0.0.1 /index.php/Admin/Wedding/js/plugins/jqgrid/jquery.jqGrid.minffe4.js?0820
ERR: 非法操作:js

[ 2016-07-20T11:06:51+08:00 ] 127.0.0.1 /index.php/Admin/Wedding/js/content.min.js?v=1.0.0
ERR: 非法操作:js

[ 2016-07-20T11:08:45+08:00 ] 127.0.0.1 /index.php/Admin/Wedding/js/jquery.min.js?v=2.1.4
ERR: 非法操作:js

[ 2016-07-20T11:08:45+08:00 ] 127.0.0.1 /index.php/Admin/Wedding/js/bootstrap.min.js?v=3.3.6
ERR: 非法操作:js

[ 2016-07-20T11:08:45+08:00 ] 127.0.0.1 /index.php/Admin/Wedding/js/plugins/jqgrid/jquery.jqGrid.minffe4.js?0820
ERR: 非法操作:js

[ 2016-07-20T11:08:45+08:00 ] 127.0.0.1 /index.php/Admin/Wedding/js/content.min.js?v=1.0.0
ERR: 非法操作:js

[ 2016-07-20T11:08:45+08:00 ] 127.0.0.1 /index.php/Admin/Wedding/js/plugins/jqgrid/i18n/grid.locale-cnffe4.js?0820
ERR: 非法操作:js

[ 2016-07-20T11:08:45+08:00 ] 127.0.0.1 /index.php/Admin/Wedding/js/plugins/peity/jquery.peity.min.js
ERR: 非法操作:js

[ 2016-07-20T11:08:45+08:00 ] 127.0.0.1 /index.php/Admin/Wedding/js/plugins/jqgrid/i18n/grid.locale-cnffe4.js?0820
ERR: 非法操作:js

[ 2016-07-20T11:08:45+08:00 ] 127.0.0.1 /index.php/Admin/Wedding/js/plugins/jqgrid/jquery.jqGrid.minffe4.js?0820
ERR: 非法操作:js

[ 2016-07-20T11:08:46+08:00 ] 127.0.0.1 /index.php/Admin/Wedding/js/content.min.js?v=1.0.0
ERR: 非法操作:js

[ 2016-07-20T11:08:48+08:00 ] 127.0.0.1 /index.php/Admin/Wedding/js/plugins/jqgrid/i18n/grid.locale-cnffe4.js?0820
ERR: 非法操作:js

[ 2016-07-20T11:08:48+08:00 ] 127.0.0.1 /index.php/Admin/Wedding/js/jquery.min.js?v=2.1.4
ERR: 非法操作:js

[ 2016-07-20T11:08:48+08:00 ] 127.0.0.1 /index.php/Admin/Wedding/js/content.min.js?v=1.0.0
ERR: 非法操作:js

[ 2016-07-20T11:08:48+08:00 ] 127.0.0.1 /index.php/Admin/Wedding/js/plugins/jqgrid/jquery.jqGrid.minffe4.js?0820
ERR: 非法操作:js

[ 2016-07-20T11:08:48+08:00 ] 127.0.0.1 /index.php/Admin/Wedding/js/plugins/peity/jquery.peity.min.js
ERR: 非法操作:js

[ 2016-07-20T11:08:48+08:00 ] 127.0.0.1 /index.php/Admin/Wedding/js/bootstrap.min.js?v=3.3.6
ERR: 非法操作:js

[ 2016-07-20T11:08:48+08:00 ] 127.0.0.1 /index.php/Admin/Wedding/js/plugins/peity/jquery.peity.min.js
ERR: 非法操作:js

[ 2016-07-20T11:08:48+08:00 ] 127.0.0.1 /index.php/Admin/Wedding/js/plugins/jqgrid/i18n/grid.locale-cnffe4.js?0820
ERR: 非法操作:js

[ 2016-07-20T11:08:49+08:00 ] 127.0.0.1 /index.php/Admin/Wedding/js/plugins/jqgrid/jquery.jqGrid.minffe4.js?0820
ERR: 非法操作:js

[ 2016-07-20T11:08:49+08:00 ] 127.0.0.1 /index.php/Admin/Wedding/js/content.min.js?v=1.0.0
ERR: 非法操作:js

[ 2016-07-20T11:58:21+08:00 ] 127.0.0.1 /index.php/Admin/Wedding/index.html
ERR: Think\Controller:assgin方法不存在！

[ 2016-07-20T12:24:51+08:00 ] 127.0.0.1 /index.php/Admin/Wedding/add/id/1
INFO: [ app_begin ] --START--
INFO: Run Behavior\ReadHtmlCacheBehavior [ RunTime:0.000858s ]
INFO: [ app_begin ] --END-- [ RunTime:0.001439s ]
ERR: 非法操作:add

[ 2016-07-20T12:25:33+08:00 ] 127.0.0.1 /index.php/Admin/Wedding/index
INFO: [ app_begin ] --START--
INFO: Run Behavior\ReadHtmlCacheBehavior [ RunTime:0.000820s ]
INFO: [ app_begin ] --END-- [ RunTime:0.001441s ]
SQL: SHOW COLUMNS FROM `wed_wedding` [ RunTime:0.0037s ]
SQL: SELECT wed_wedding . *,wed_address . address_name,wed_wedding_status . status_name FROM `wed_wedding` left join wed_address on wed_wedding . address = wed_address . id left join wed_wedding_status on wed_wedding . status = wed_wedding_status . id   [ RunTime:0.0005s ]
NOTIC: [8] Undefined index: wedding_date D:\wedding\Application\Admin\Controller\WeddingController.class.php 第 20 行.
INFO: [ view_parse ] --START--
INFO: [ template_filter ] --START--
INFO: Run Behavior\ContentReplaceBehavior [ RunTime:0.000127s ]
INFO: [ template_filter ] --END-- [ RunTime:0.000179s ]
INFO: Run Behavior\ParseTemplateBehavior [ RunTime:0.008447s ]
INFO: [ view_parse ] --END-- [ RunTime:0.008504s ]
INFO: [ view_filter ] --START--
INFO: Run Behavior\WriteHtmlCacheBehavior [ RunTime:0.000485s ]
INFO: [ view_filter ] --END-- [ RunTime:0.000526s ]
INFO: [ app_end ] --START--
INFO: Run Behavior\ShowPageTraceBehavior [ RunTime:0.000778s ]
INFO: [ app_end ] --END-- [ RunTime:0.000825s ]

[ 2016-07-20T12:25:34+08:00 ] 127.0.0.1 /index.php/Admin/Wedding/index
INFO: [ app_begin ] --START--
INFO: Run Behavior\ReadHtmlCacheBehavior [ RunTime:0.000670s ]
INFO: [ app_begin ] --END-- [ RunTime:0.001206s ]
SQL: SHOW COLUMNS FROM `wed_wedding` [ RunTime:0.0032s ]
SQL: SELECT wed_wedding . *,wed_address . address_name,wed_wedding_status . status_name FROM `wed_wedding` left join wed_address on wed_wedding . address = wed_address . id left join wed_wedding_status on wed_wedding . status = wed_wedding_status . id   [ RunTime:0.0004s ]
NOTIC: [8] Undefined index: wedding_date D:\wedding\Application\Admin\Controller\WeddingController.class.php 第 20 行.
INFO: [ view_parse ] --START--
INFO: [ template_filter ] --START--
INFO: Run Behavior\ContentReplaceBehavior [ RunTime:0.000132s ]
INFO: [ template_filter ] --END-- [ RunTime:0.000191s ]
INFO: Run Behavior\ParseTemplateBehavior [ RunTime:0.010657s ]
INFO: [ view_parse ] --END-- [ RunTime:0.010721s ]
INFO: [ view_filter ] --START--
INFO: Run Behavior\WriteHtmlCacheBehavior [ RunTime:0.000419s ]
INFO: [ view_filter ] --END-- [ RunTime:0.000460s ]
INFO: [ app_end ] --START--
INFO: Run Behavior\ShowPageTraceBehavior [ RunTime:0.000662s ]
INFO: [ app_end ] --END-- [ RunTime:0.000710s ]

[ 2016-07-20T12:25:35+08:00 ] 127.0.0.1 /index.php/Admin/Wedding/index
INFO: [ app_begin ] --START--
INFO: Run Behavior\ReadHtmlCacheBehavior [ RunTime:0.000679s ]
INFO: [ app_begin ] --END-- [ RunTime:0.001210s ]
SQL: SHOW COLUMNS FROM `wed_wedding` [ RunTime:0.0029s ]
SQL: SELECT wed_wedding . *,wed_address . address_name,wed_wedding_status . status_name FROM `wed_wedding` left join wed_address on wed_wedding . address = wed_address . id left join wed_wedding_status on wed_wedding . status = wed_wedding_status . id   [ RunTime:0.0005s ]
NOTIC: [8] Undefined index: wedding_date D:\wedding\Application\Admin\Controller\WeddingController.class.php 第 20 行.
INFO: [ view_parse ] --START--
INFO: [ template_filter ] --START--
INFO: Run Behavior\ContentReplaceBehavior [ RunTime:0.000217s ]
INFO: [ template_filter ] --END-- [ RunTime:0.000338s ]
INFO: Run Behavior\ParseTemplateBehavior [ RunTime:0.008501s ]
INFO: [ view_parse ] --END-- [ RunTime:0.008563s ]
INFO: [ view_filter ] --START--
INFO: Run Behavior\WriteHtmlCacheBehavior [ RunTime:0.000438s ]
INFO: [ view_filter ] --END-- [ RunTime:0.000484s ]
INFO: [ app_end ] --START--
INFO: Run Behavior\ShowPageTraceBehavior [ RunTime:0.000686s ]
INFO: [ app_end ] --END-- [ RunTime:0.000736s ]

[ 2016-07-20T12:25:35+08:00 ] 127.0.0.1 /index.php/Admin/Wedding/index
INFO: [ app_begin ] --START--
INFO: Run Behavior\ReadHtmlCacheBehavior [ RunTime:0.000686s ]
INFO: [ app_begin ] --END-- [ RunTime:0.001246s ]
SQL: SHOW COLUMNS FROM `wed_wedding` [ RunTime:0.0465s ]
SQL: SELECT wed_wedding . *,wed_address . address_name,wed_wedding_status . status_name FROM `wed_wedding` left join wed_address on wed_wedding . address = wed_address . id left join wed_wedding_status on wed_wedding . status = wed_wedding_status . id   [ RunTime:0.0005s ]
NOTIC: [8] Undefined index: wedding_date D:\wedding\Application\Admin\Controller\WeddingController.class.php 第 20 行.
INFO: [ view_parse ] --START--
INFO: [ template_filter ] --START--
INFO: Run Behavior\ContentReplaceBehavior [ RunTime:0.000125s ]
INFO: [ template_filter ] --END-- [ RunTime:0.000176s ]
INFO: Run Behavior\ParseTemplateBehavior [ RunTime:0.007815s ]
INFO: [ view_parse ] --END-- [ RunTime:0.007871s ]
INFO: [ view_filter ] --START--
INFO: Run Behavior\WriteHtmlCacheBehavior [ RunTime:0.000419s ]
INFO: [ view_filter ] --END-- [ RunTime:0.000466s ]
INFO: [ app_end ] --START--
INFO: Run Behavior\ShowPageTraceBehavior [ RunTime:0.000701s ]
INFO: [ app_end ] --END-- [ RunTime:0.000753s ]

[ 2016-07-20T12:25:36+08:00 ] 127.0.0.1 /index.php/Admin/Wedding/index
INFO: [ app_begin ] --START--
INFO: Run Behavior\ReadHtmlCacheBehavior [ RunTime:0.000855s ]
INFO: [ app_begin ] --END-- [ RunTime:0.001368s ]
SQL: SHOW COLUMNS FROM `wed_wedding` [ RunTime:0.0030s ]
SQL: SELECT wed_wedding . *,wed_address . address_name,wed_wedding_status . status_name FROM `wed_wedding` left join wed_address on wed_wedding . address = wed_address . id left join wed_wedding_status on wed_wedding . status = wed_wedding_status . id   [ RunTime:0.0004s ]
NOTIC: [8] Undefined index: wedding_date D:\wedding\Application\Admin\Controller\WeddingController.class.php 第 20 行.
INFO: [ view_parse ] --START--
INFO: [ template_filter ] --START--
INFO: Run Behavior\ContentReplaceBehavior [ RunTime:0.000135s ]
INFO: [ template_filter ] --END-- [ RunTime:0.000197s ]
INFO: Run Behavior\ParseTemplateBehavior [ RunTime:0.008466s ]
INFO: [ view_parse ] --END-- [ RunTime:0.008523s ]
INFO: [ view_filter ] --START--
INFO: Run Behavior\WriteHtmlCacheBehavior [ RunTime:0.000407s ]
INFO: [ view_filter ] --END-- [ RunTime:0.000449s ]
INFO: [ app_end ] --START--
INFO: Run Behavior\ShowPageTraceBehavior [ RunTime:0.000623s ]
INFO: [ app_end ] --END-- [ RunTime:0.000671s ]

[ 2016-07-20T12:25:36+08:00 ] 127.0.0.1 /index.php/Admin/Wedding/index
INFO: [ app_begin ] --START--
INFO: Run Behavior\ReadHtmlCacheBehavior [ RunTime:0.000684s ]
INFO: [ app_begin ] --END-- [ RunTime:0.001220s ]
SQL: SHOW COLUMNS FROM `wed_wedding` [ RunTime:0.0029s ]
SQL: SELECT wed_wedding . *,wed_address . address_name,wed_wedding_status . status_name FROM `wed_wedding` left join wed_address on wed_wedding . address = wed_address . id left join wed_wedding_status on wed_wedding . status = wed_wedding_status . id   [ RunTime:0.0005s ]
NOTIC: [8] Undefined index: wedding_date D:\wedding\Application\Admin\Controller\WeddingController.class.php 第 20 行.
INFO: [ view_parse ] --START--
INFO: [ template_filter ] --START--
INFO: Run Behavior\ContentReplaceBehavior [ RunTime:0.000201s ]
INFO: [ template_filter ] --END-- [ RunTime:0.000305s ]
INFO: Run Behavior\ParseTemplateBehavior [ RunTime:0.008383s ]
INFO: [ view_parse ] --END-- [ RunTime:0.008441s ]
INFO: [ view_filter ] --START--
INFO: Run Behavior\WriteHtmlCacheBehavior [ RunTime:0.000384s ]
INFO: [ view_filter ] --END-- [ RunTime:0.000424s ]
INFO: [ app_end ] --START--
INFO: Run Behavior\ShowPageTraceBehavior [ RunTime:0.000623s ]
INFO: [ app_end ] --END-- [ RunTime:0.000670s ]

[ 2016-07-20T12:25:37+08:00 ] 127.0.0.1 /index.php/Admin/Wedding/index
INFO: [ app_begin ] --START--
INFO: Run Behavior\ReadHtmlCacheBehavior [ RunTime:0.000689s ]
INFO: [ app_begin ] --END-- [ RunTime:0.001219s ]
SQL: SHOW COLUMNS FROM `wed_wedding` [ RunTime:0.0033s ]
SQL: SELECT wed_wedding . *,wed_address . address_name,wed_wedding_status . status_name FROM `wed_wedding` left join wed_address on wed_wedding . address = wed_address . id left join wed_wedding_status on wed_wedding . status = wed_wedding_status . id   [ RunTime:0.0005s ]
NOTIC: [8] Undefined index: wedding_date D:\wedding\Application\Admin\Controller\WeddingController.class.php 第 20 行.
INFO: [ view_parse ] --START--
INFO: [ template_filter ] --START--
INFO: Run Behavior\ContentReplaceBehavior [ RunTime:0.000126s ]
INFO: [ template_filter ] --END-- [ RunTime:0.000177s ]
INFO: Run Behavior\ParseTemplateBehavior [ RunTime:0.007842s ]
INFO: [ view_parse ] --END-- [ RunTime:0.007900s ]
INFO: [ view_filter ] --START--
INFO: Run Behavior\WriteHtmlCacheBehavior [ RunTime:0.000425s ]
INFO: [ view_filter ] --END-- [ RunTime:0.000470s ]
INFO: [ app_end ] --START--
INFO: Run Behavior\ShowPageTraceBehavior [ RunTime:0.000683s ]
INFO: [ app_end ] --END-- [ RunTime:0.000731s ]

[ 2016-07-20T12:25:38+08:00 ] 127.0.0.1 /index.php/Admin/Wedding/index
INFO: [ app_begin ] --START--
INFO: Run Behavior\ReadHtmlCacheBehavior [ RunTime:0.000678s ]
INFO: [ app_begin ] --END-- [ RunTime:0.001215s ]
SQL: SHOW COLUMNS FROM `wed_wedding` [ RunTime:0.0330s ]
SQL: SELECT wed_wedding . *,wed_address . address_name,wed_wedding_status . status_name FROM `wed_wedding` left join wed_address on wed_wedding . address = wed_address . id left join wed_wedding_status on wed_wedding . status = wed_wedding_status . id   [ RunTime:0.0005s ]
NOTIC: [8] Undefined index: wedding_date D:\wedding\Application\Admin\Controller\WeddingController.class.php 第 20 行.
INFO: [ view_parse ] --START--
INFO: [ template_filter ] --START--
INFO: Run Behavior\ContentReplaceBehavior [ RunTime:0.000128s ]
INFO: [ template_filter ] --END-- [ RunTime:0.000183s ]
INFO: Run Behavior\ParseTemplateBehavior [ RunTime:0.008103s ]
INFO: [ view_parse ] --END-- [ RunTime:0.008159s ]
INFO: [ view_filter ] --START--
INFO: Run Behavior\WriteHtmlCacheBehavior [ RunTime:0.000431s ]
INFO: [ view_filter ] --END-- [ RunTime:0.000476s ]
INFO: [ app_end ] --START--
INFO: Run Behavior\ShowPageTraceBehavior [ RunTime:0.000671s ]
INFO: [ app_end ] --END-- [ RunTime:0.000721s ]

[ 2016-07-20T12:26:49+08:00 ] 127.0.0.1 /index.php/Admin/Wedding/edit
INFO: [ app_begin ] --START--
INFO: Run Behavior\ReadHtmlCacheBehavior [ RunTime:0.000815s ]
INFO: [ app_begin ] --END-- [ RunTime:0.001388s ]
INFO: [ app_end ] --START--
INFO: Run Behavior\ShowPageTraceBehavior [ RunTime:0.000803s ]
INFO: [ app_end ] --END-- [ RunTime:0.000859s ]

[ 2016-07-20T12:28:19+08:00 ] 127.0.0.1 /index.php/Admin/Wedding/edit
INFO: [ app_begin ] --START--
INFO: Run Behavior\ReadHtmlCacheBehavior [ RunTime:0.000794s ]
INFO: [ app_begin ] --END-- [ RunTime:0.001362s ]
ERR: 模板不存在:./Application/Admin/View/Wedding/edit.html

[ 2016-07-20T12:43:43+08:00 ] 127.0.0.1 /index.php/Admin/Wedding/edit
INFO: [ app_begin ] --START--
INFO: Run Behavior\ReadHtmlCacheBehavior [ RunTime:0.000822s ]
INFO: [ app_begin ] --END-- [ RunTime:0.001347s ]
INFO: [ app_end ] --START--
INFO: Run Behavior\ShowPageTraceBehavior [ RunTime:0.000796s ]
INFO: [ app_end ] --END-- [ RunTime:0.000851s ]

[ 2016-07-20T12:43:44+08:00 ] 127.0.0.1 /index.php/Admin/Wedding/edit
INFO: [ app_begin ] --START--
INFO: Run Behavior\ReadHtmlCacheBehavior [ RunTime:0.000671s ]
INFO: [ app_begin ] --END-- [ RunTime:0.001199s ]
INFO: [ app_end ] --START--
INFO: Run Behavior\ShowPageTraceBehavior [ RunTime:0.000694s ]
INFO: [ app_end ] --END-- [ RunTime:0.000787s ]

[ 2016-07-20T12:43:44+08:00 ] 127.0.0.1 /index.php/Admin/Wedding/edit
INFO: [ app_begin ] --START--
INFO: Run Behavior\ReadHtmlCacheBehavior [ RunTime:0.000675s ]
INFO: [ app_begin ] --END-- [ RunTime:0.001208s ]
INFO: [ app_end ] --START--
INFO: Run Behavior\ShowPageTraceBehavior [ RunTime:0.000680s ]
INFO: [ app_end ] --END-- [ RunTime:0.000736s ]

[ 2016-07-20T12:43:44+08:00 ] 127.0.0.1 /index.php/Admin/Wedding/edit
INFO: [ app_begin ] --START--
INFO: Run Behavior\ReadHtmlCacheBehavior [ RunTime:0.000675s ]
INFO: [ app_begin ] --END-- [ RunTime:0.001218s ]
INFO: [ app_end ] --START--
INFO: Run Behavior\ShowPageTraceBehavior [ RunTime:0.000681s ]
INFO: [ app_end ] --END-- [ RunTime:0.000739s ]

[ 2016-07-20T12:43:45+08:00 ] 127.0.0.1 /index.php/Admin/Wedding/edit
INFO: [ app_begin ] --START--
INFO: Run Behavior\ReadHtmlCacheBehavior [ RunTime:0.000675s ]
INFO: [ app_begin ] --END-- [ RunTime:0.001218s ]
INFO: [ app_end ] --START--
INFO: Run Behavior\ShowPageTraceBehavior [ RunTime:0.000683s ]
INFO: [ app_end ] --END-- [ RunTime:0.000741s ]

[ 2016-07-20T12:43:45+08:00 ] 127.0.0.1 /index.php/Admin/Wedding/edit
INFO: [ app_begin ] --START--
INFO: Run Behavior\ReadHtmlCacheBehavior [ RunTime:0.001357s ]
INFO: [ app_begin ] --END-- [ RunTime:0.002005s ]
INFO: [ app_end ] --START--
INFO: Run Behavior\ShowPageTraceBehavior [ RunTime:0.000713s ]
INFO: [ app_end ] --END-- [ RunTime:0.000787s ]

[ 2016-07-20T12:43:45+08:00 ] 127.0.0.1 /index.php/Admin/Wedding/edit
INFO: [ app_begin ] --START--
INFO: Run Behavior\ReadHtmlCacheBehavior [ RunTime:0.000685s ]
INFO: [ app_begin ] --END-- [ RunTime:0.001230s ]
INFO: [ app_end ] --START--
INFO: Run Behavior\ShowPageTraceBehavior [ RunTime:0.000683s ]
INFO: [ app_end ] --END-- [ RunTime:0.000739s ]

[ 2016-07-20T12:43:45+08:00 ] 127.0.0.1 /index.php/Admin/Wedding/edit
INFO: [ app_begin ] --START--
INFO: Run Behavior\ReadHtmlCacheBehavior [ RunTime:0.000674s ]
INFO: [ app_begin ] --END-- [ RunTime:0.001211s ]
INFO: [ app_end ] --START--
INFO: Run Behavior\ShowPageTraceBehavior [ RunTime:0.000682s ]
INFO: [ app_end ] --END-- [ RunTime:0.000737s ]

[ 2016-07-20T12:43:45+08:00 ] 127.0.0.1 /index.php/Admin/Wedding/edit
INFO: [ app_begin ] --START--
INFO: Run Behavior\ReadHtmlCacheBehavior [ RunTime:0.000667s ]
INFO: [ app_begin ] --END-- [ RunTime:0.001214s ]
INFO: [ app_end ] --START--
INFO: Run Behavior\ShowPageTraceBehavior [ RunTime:0.000676s ]
INFO: [ app_end ] --END-- [ RunTime:0.000733s ]

[ 2016-07-20T13:02:54+08:00 ] 127.0.0.1 /index.php/Admin/Core/www.weeding.com
ERR: 非法操作:www.weeding.com

[ 2016-07-20T13:55:14+08:00 ] 127.0.0.1 /index.php/Admin/del/id.html1
ERR: 无法加载控制器:Del

[ 2016-07-20T15:09:57+08:00 ] 127.0.0.1 /index.php/Admin/edit/id.html
ERR: 非法操作:id

[ 2016-07-20T15:13:13+08:00 ] 127.0.0.1 /index.php/Admin/Wedding/__CONTROLLER__/edit/id/
ERR: 非法操作:__CONTROLLER__

[ 2016-07-20T16:57:33+08:00 ] 127.0.0.1 /index.php/Admin/Wedding/show/id/1
ERR: 非法操作:show

[ 2016-07-20T16:58:10+08:00 ] 127.0.0.1 /index.php/Admin/Wedding/show/id/1
ERR: 非法操作:show

[ 2016-07-20T17:13:01+08:00 ] 127.0.0.1 /index.php/Admin/Wedding/show?id=5
INFO: [ app_begin ] --START--
INFO: Run Behavior\ReadHtmlCacheBehavior [ RunTime:0.000974s ]
INFO: [ app_begin ] --END-- [ RunTime:0.001570s ]
NOTIC: [2048] Declaration of Admin\Controller\WeddingController::show() should be compatible with Think\Controller::show($content, $charset = '', $contentType = '', $prefix = '') D:\wedding\Application\Admin\Controller\WeddingController.class.php 第 11 行.
SQL: SHOW COLUMNS FROM `wed_wedding` [ RunTime:0.0042s ]
SQL: SELECT * FROM `wed_wedding` WHERE ( id=5 ) LIMIT 1   [ RunTime:0.1956s ]
INFO: [ app_end ] --START--
INFO: Run Behavior\ShowPageTraceBehavior [ RunTime:0.001206s ]
INFO: [ app_end ] --END-- [ RunTime:0.001285s ]

[ 2016-07-20T17:13:08+08:00 ] 127.0.0.1 /index.php/Admin/Wedding/show?id=5
INFO: [ app_begin ] --START--
INFO: Run Behavior\ReadHtmlCacheBehavior [ RunTime:0.000637s ]
INFO: [ app_begin ] --END-- [ RunTime:0.001139s ]
NOTIC: [2048] Declaration of Admin\Controller\WeddingController::show() should be compatible with Think\Controller::show($content, $charset = '', $contentType = '', $prefix = '') D:\wedding\Application\Admin\Controller\WeddingController.class.php 第 11 行.
SQL: SHOW COLUMNS FROM `wed_wedding` [ RunTime:0.0053s ]
SQL: SELECT * FROM `wed_wedding` WHERE ( id=5 ) LIMIT 1   [ RunTime:0.0004s ]
INFO: [ app_end ] --START--
INFO: Run Behavior\ShowPageTraceBehavior [ RunTime:0.000762s ]
INFO: [ app_end ] --END-- [ RunTime:0.000814s ]

[ 2016-07-20T17:13:51+08:00 ] 127.0.0.1 /index.php/Admin/Wedding/show?id=5
INFO: [ app_begin ] --START--
INFO: Run Behavior\ReadHtmlCacheBehavior [ RunTime:0.000780s ]
INFO: [ app_begin ] --END-- [ RunTime:0.001381s ]
NOTIC: [2048] Declaration of Admin\Controller\WeddingController::show() should be compatible with Think\Controller::show($content, $charset = '', $contentType = '', $prefix = '') D:\wedding\Application\Admin\Controller\WeddingController.class.php 第 11 行.
SQL: SHOW COLUMNS FROM `wed_wedding` [ RunTime:0.0029s ]
SQL: SELECT * FROM `wed_wedding` WHERE ( id=5 ) LIMIT 1   [ RunTime:0.0004s ]
INFO: [ app_end ] --START--
INFO: Run Behavior\ShowPageTraceBehavior [ RunTime:0.000837s ]
INFO: [ app_end ] --END-- [ RunTime:0.000888s ]

[ 2016-07-20T17:15:26+08:00 ] 127.0.0.1 /index.php/Admin/Wedding/show?id=5
INFO: [ app_begin ] --START--
INFO: Run Behavior\ReadHtmlCacheBehavior [ RunTime:0.000861s ]
INFO: [ app_begin ] --END-- [ RunTime:0.001436s ]
NOTIC: [2048] Declaration of Admin\Controller\WeddingController::show() should be compatible with Think\Controller::show($content, $charset = '', $contentType = '', $prefix = '') D:\wedding\Application\Admin\Controller\WeddingController.class.php 第 11 行.
SQL: SHOW COLUMNS FROM `wed_wedding` [ RunTime:0.0030s ]
SQL: SELECT * FROM `wed_wedding` WHERE ( id=5 ) LIMIT 1   [ RunTime:0.0004s ]
INFO: [ app_end ] --START--
INFO: Run Behavior\ShowPageTraceBehavior [ RunTime:0.000823s ]
INFO: [ app_end ] --END-- [ RunTime:0.000873s ]

[ 2016-07-20T17:15:43+08:00 ] 127.0.0.1 /index.php/Admin/Wedding/show?id=5
INFO: [ app_begin ] --START--
INFO: Run Behavior\ReadHtmlCacheBehavior [ RunTime:0.000671s ]
INFO: [ app_begin ] --END-- [ RunTime:0.001190s ]
NOTIC: [2048] Declaration of Admin\Controller\WeddingController::show() should be compatible with Think\Controller::show($content, $charset = '', $contentType = '', $prefix = '') D:\wedding\Application\Admin\Controller\WeddingController.class.php 第 11 行.
SQL: SHOW COLUMNS FROM `wed_wedding` [ RunTime:0.0030s ]
SQL: SELECT * FROM `wed_wedding` WHERE ( id=5 ) LIMIT 1   [ RunTime:0.0004s ]
INFO: [ app_end ] --START--
INFO: Run Behavior\ShowPageTraceBehavior [ RunTime:0.000721s ]
INFO: [ app_end ] --END-- [ RunTime:0.000778s ]

[ 2016-07-20T17:16:15+08:00 ] 127.0.0.1 /index.php/Admin/Wedding/show?id=5
INFO: [ app_begin ] --START--
INFO: Run Behavior\ReadHtmlCacheBehavior [ RunTime:0.000944s ]
INFO: [ app_begin ] --END-- [ RunTime:0.001549s ]
NOTIC: [2048] Declaration of Admin\Controller\WeddingController::show() should be compatible with Think\Controller::show($content, $charset = '', $contentType = '', $prefix = '') D:\wedding\Application\Admin\Controller\WeddingController.class.php 第 11 行.
SQL: SHOW COLUMNS FROM `wed_wedding` [ RunTime:0.0034s ]
SQL: SELECT * FROM `wed_wedding` WHERE ( id=5 ) LIMIT 1   [ RunTime:0.0004s ]
INFO: [ app_end ] --START--
INFO: Run Behavior\ShowPageTraceBehavior [ RunTime:0.000965s ]
INFO: [ app_end ] --END-- [ RunTime:0.001016s ]

[ 2016-07-20T17:17:01+08:00 ] 127.0.0.1 /index.php/Admin/Wedding/show?id=5
INFO: [ app_begin ] --START--
INFO: Run Behavior\ReadHtmlCacheBehavior [ RunTime:0.000837s ]
INFO: [ app_begin ] --END-- [ RunTime:0.001383s ]
NOTIC: [2048] Declaration of Admin\Controller\WeddingController::show() should be compatible with Think\Controller::show($content, $charset = '', $contentType = '', $prefix = '') D:\wedding\Application\Admin\Controller\WeddingController.class.php 第 11 行.
SQL: SHOW COLUMNS FROM `wed_wedding` [ RunTime:0.0030s ]
SQL: SELECT * FROM `wed_wedding` WHERE ( id=5 ) LIMIT 1   [ RunTime:0.0004s ]
INFO: [ app_end ] --START--
INFO: Run Behavior\ShowPageTraceBehavior [ RunTime:0.000860s ]
INFO: [ app_end ] --END-- [ RunTime:0.000912s ]

[ 2016-07-20T17:17:36+08:00 ] 127.0.0.1 /index.php/Admin/Wedding/show?id=5
INFO: [ app_begin ] --START--
INFO: Run Behavior\ReadHtmlCacheBehavior [ RunTime:0.000681s ]
INFO: [ app_begin ] --END-- [ RunTime:0.001210s ]
NOTIC: [2048] Declaration of Admin\Controller\WeddingController::show() should be compatible with Think\Controller::show($content, $charset = '', $contentType = '', $prefix = '') D:\wedding\Application\Admin\Controller\WeddingController.class.php 第 11 行.
SQL: SHOW COLUMNS FROM `wed_wedding` [ RunTime:0.0033s ]
SQL: SELECT * FROM `wed_wedding` WHERE ( id=5 ) LIMIT 1   [ RunTime:0.0004s ]
INFO: [ app_end ] --START--
INFO: Run Behavior\ShowPageTraceBehavior [ RunTime:0.000700s ]
INFO: [ app_end ] --END-- [ RunTime:0.000752s ]

[ 2016-07-20T17:17:58+08:00 ] 127.0.0.1 /index.php/Admin/Wedding/show?id=5
INFO: [ app_begin ] --START--
INFO: Run Behavior\ReadHtmlCacheBehavior [ RunTime:0.000764s ]
INFO: [ app_begin ] --END-- [ RunTime:0.001309s ]
NOTIC: [2048] Declaration of Admin\Controller\WeddingController::show() should be compatible with Think\Controller::show($content, $charset = '', $contentType = '', $prefix = '') D:\wedding\Application\Admin\Controller\WeddingController.class.php 第 11 行.
SQL: SHOW COLUMNS FROM `wed_wedding` [ RunTime:0.0029s ]
SQL: SELECT * FROM `wed_wedding` WHERE ( id=5 ) LIMIT 1   [ RunTime:0.0004s ]
INFO: [ app_end ] --START--
INFO: Run Behavior\ShowPageTraceBehavior [ RunTime:0.000832s ]
INFO: [ app_end ] --END-- [ RunTime:0.000881s ]

[ 2016-07-20T17:18:22+08:00 ] 127.0.0.1 /index.php/Admin/Wedding/show?id=5
INFO: [ app_begin ] --START--
INFO: Run Behavior\ReadHtmlCacheBehavior [ RunTime:0.000873s ]
INFO: [ app_begin ] --END-- [ RunTime:0.001511s ]
NOTIC: [2048] Declaration of Admin\Controller\WeddingController::show() should be compatible with Think\Controller::show($content, $charset = '', $contentType = '', $prefix = '') D:\wedding\Application\Admin\Controller\WeddingController.class.php 第 11 行.
SQL: SHOW COLUMNS FROM `wed_wedding` [ RunTime:0.0029s ]
SQL: SELECT * FROM `wed_wedding` WHERE ( id=5 ) LIMIT 1   [ RunTime:0.0004s ]
INFO: [ app_end ] --START--
INFO: Run Behavior\ShowPageTraceBehavior [ RunTime:0.000929s ]
INFO: [ app_end ] --END-- [ RunTime:0.000979s ]

[ 2016-07-20T17:26:48+08:00 ] 127.0.0.1 /index.php/Admin/Core/500.html
ERR: 非法操作:500

[ 2016-07-20T18:13:00+08:00 ] 127.0.0.1 /index.php/Admin/Core/captcha.html
ERR: 非法操作:captcha

[ 2016-07-20T21:13:06+08:00 ] 127.0.0.1 /index.php/Admin/User/del/id/4
ERR: 非法操作:del

[ 2016-07-20T21:25:23+08:00 ] 127.0.0.1 /index.php/Admin/Blog/js/bootstrap.min.js?v=3.3.6
ERR: 非法操作:js

[ 2016-07-20T21:25:23+08:00 ] 127.0.0.1 /index.php/Admin/Blog/js/jquery.min.js?v=2.1.4
ERR: 非法操作:js

[ 2016-07-20T21:25:23+08:00 ] 127.0.0.1 /index.php/Admin/Blog/js/content.min.js?v=1.0.0
ERR: 非法操作:js

[ 2016-07-20T21:25:24+08:00 ] 127.0.0.1 /index.php/Admin/Blog/js/bootstrap.min.js?v=3.3.6
ERR: 非法操作:js

[ 2016-07-20T21:25:24+08:00 ] 127.0.0.1 /index.php/Admin/Blog/js/content.min.js?v=1.0.0
ERR: 非法操作:js

[ 2016-07-20T21:40:02+08:00 ] 127.0.0.1 /index.php/Admin/Blog/article.html
ERR: 1054:Unknown column 'wed_address' in 'field list'
 [ SQL语句 ] : SELECT wed_article . *,wed_wedding . *,`wed_address` FROM `wed_article` left join wed_wedding on wed_article . wedding = wed_wedding . id left join wed_address on wed_wedding . address = wed_address . id  LIMIT 1  

[ 2016-07-20T21:40:49+08:00 ] 127.0.0.1 /index.php/Admin/Blog/article.html
ERR: XML标签语法错误

[ 2016-07-20T21:41:21+08:00 ] 127.0.0.1 /index.php/Admin/Blog/article.html
ERR: XML标签语法错误

[ 2016-07-20T21:41:58+08:00 ] 127.0.0.1 /index.php/Admin/Blog/article.html
ERR: XML标签语法错误

[ 2016-07-20T21:42:03+08:00 ] 127.0.0.1 /index.php/Admin/Blog/article.html
ERR: XML标签语法错误

[ 2016-07-20T21:42:16+08:00 ] 127.0.0.1 /index.php/Admin/Blog/article.html
ERR: XML标签语法错误

[ 2016-07-20T21:42:33+08:00 ] 127.0.0.1 /index.php/Admin/Blog/article.html
ERR: XML标签语法错误

[ 2016-07-20T22:51:34+08:00 ] 127.0.0.1 /index.php/Admin/Blog/del/id/6
ERR: 非法操作:del

[ 2016-07-20T22:53:39+08:00 ] 127.0.0.1 /index.php/Admin/Blog/edit/id/5
ERR: 非法操作:edit

